<?xml version="1.0" encoding="UTF-8"?>
<!-- Generated by org.testng.reporters.JUnitXMLReporter -->
<testsuite ignored="0" hostname="LGDN18-1071-W10" failures="3" tests="8" name="Login" time="16.934" errors="0" timestamp="27 Nov 2018 01:22:48 GMT">
  <testcase classname="Railway.LoginTest" name="TC01" time="5.272"/>
  <testcase classname="Railway.LoginTest" name="TC02" time="0.382"/>
  <testcase classname="Railway.LoginTest" name="TC03" time="0.445">
    <failure type="java.lang.AssertionError" message="expected [There was a problem with your login and/or errors exist in your form.] but found [Invalid username or password. Please try again.]">
      <![CDATA[java.lang.AssertionError: expected [There was a problem with your login and/or errors exist in your form.] but found [Invalid username or password. Please try again.]
at Railway.LoginTest.TC03(LoginTest.java:36)
... Removed 31 stack frames]]>
    </failure>
  </testcase> <!-- TC03 -->
  <testcase classname="Railway.LoginTest" name="TC04" time="0.174"/>
  <testcase classname="Railway.LoginTest" name="TC05" time="1.567">
    <failure type="java.lang.AssertionError" message="expected [You have used 4 out of 5 login attempts. After all 5 have been used, you will be unable to login for 15 minutes.] but found [Invalid username or password. Please try again.]">
      <![CDATA[java.lang.AssertionError: expected [You have used 4 out of 5 login attempts. After all 5 have been used, you will be unable to login for 15 minutes.] but found [Invalid username or password. Please try again.]
at Railway.LoginTest.TC05(LoginTest.java:51)
... Removed 31 stack frames]]>
    </failure>
  </testcase> <!-- TC05 -->
  <testcase classname="Railway.LoginTest" name="TC06" time="0.937"/>
  <testcase classname="Railway.LoginTest" name="TC08" time="0.459"/>
  <testcase classname="Railway.LoginTest" name="TC09" time="1.175">
    <failure type="java.lang.AssertionError" message="expected [Your password has been updated] but found [Your password has been updated!]">
      <![CDATA[java.lang.AssertionError: expected [Your password has been updated] but found [Your password has been updated!]
at Railway.LoginTest.TC09(LoginTest.java:91)
... Removed 31 stack frames]]>
    </failure>
  </testcase> <!-- TC09 -->
</testsuite> <!-- Login -->
