<?xml version="1.0" encoding="UTF-8"?>
<!-- Generated by org.testng.reporters.JUnitXMLReporter -->
<testsuite ignored="0" hostname="LGDN18-1071-W10" failures="0" tests="3" name="Default test" time="8.837" errors="0" timestamp="05 Dec 2018 10:40:50 GMT">
  <testcase classname="Railway.BookTicketTest" name="TC14" time="2.015"/>
  <testcase classname="Railway.BookTicketTest" name="TC15" time="1.079"/>
  <testcase classname="Railway.BookTicketTest" name="TC16" time="1.624"/>
</testsuite> <!-- Default test -->
