<?xml version="1.0" encoding="UTF-8"?>
<testng-results ignored="0" total="0" passed="0" failed="0" skipped="0">
  <reporter-output>
  </reporter-output>
  <suite started-at="2018-11-16T16:38:34Z" name="Selenium.Lv1.AppTest" finished-at="2018-11-16T16:38:34Z" duration-ms="3">
    <groups>
    </groups>
    <test started-at="2018-11-16T16:38:34Z" name="Command line test" finished-at="2018-11-16T16:38:34Z" duration-ms="3">
    </test> <!-- Command line test -->
  </suite> <!-- Selenium.Lv1.AppTest -->
</testng-results>
