<?xml version="1.0" encoding="UTF-8"?>
<testng-results ignored="6" total="7" passed="1" failed="0" skipped="0">
  <reporter-output>
  </reporter-output>
  <suite started-at="2018-11-21T03:21:43Z" name="Default suite" finished-at="2018-11-21T03:22:04Z" duration-ms="21390">
    <groups>
    </groups>
    <test started-at="2018-11-21T03:21:43Z" name="Default test" finished-at="2018-11-21T03:22:04Z" duration-ms="21390">
      <class name="Railway.LoginTest">
        <test-method is-config="true" signature="beforeMethod()[pri:0, instance:Railway.LoginTest@6aaceffd]" started-at="2018-11-21T03:21:43Z" name="beforeMethod" finished-at="2018-11-21T03:21:50Z" duration-ms="6926" status="PASS">
          <reporter-output>
          </reporter-output>
        </test-method> <!-- beforeMethod -->
        <test-method signature="TC06()[pri:0, instance:Railway.LoginTest@6aaceffd]" started-at="2018-11-21T03:21:50Z" name="TC06" description="Additional pages display once user logged in" finished-at="2018-11-21T03:22:04Z" duration-ms="13826" status="PASS">
          <reporter-output>
          </reporter-output>
        </test-method> <!-- TC06 -->
        <test-method is-config="true" signature="afterMethod()[pri:0, instance:Railway.LoginTest@6aaceffd]" started-at="2018-11-21T03:22:04Z" name="afterMethod" finished-at="2018-11-21T03:22:04Z" duration-ms="613" status="PASS">
          <reporter-output>
          </reporter-output>
        </test-method> <!-- afterMethod -->
      </class> <!-- Railway.LoginTest -->
    </test> <!-- Default test -->
  </suite> <!-- Default suite -->
</testng-results>
