<?xml version="1.0" encoding="UTF-8"?>
<testng-results ignored="1" total="2" passed="1" failed="0" skipped="0">
  <reporter-output>
  </reporter-output>
  <suite started-at="2018-11-19T09:43:42Z" name="Default suite" finished-at="2018-11-19T09:43:51Z" duration-ms="8881">
    <groups>
    </groups>
    <test started-at="2018-11-19T09:43:42Z" name="Default test" finished-at="2018-11-19T09:43:51Z" duration-ms="8881">
      <class name="Railway.LoginTest">
        <test-method is-config="true" signature="beforeMethod()[pri:0, instance:Railway.LoginTest@17f7cd29]" started-at="2018-11-19T09:43:42Z" name="beforeMethod" finished-at="2018-11-19T09:43:46Z" duration-ms="3723" status="PASS">
          <reporter-output>
          </reporter-output>
        </test-method> <!-- beforeMethod -->
        <test-method signature="TC02()[pri:0, instance:Railway.LoginTest@17f7cd29]" started-at="2018-11-19T09:43:46Z" name="TC02" finished-at="2018-11-19T09:43:50Z" duration-ms="4534" status="PASS">
          <reporter-output>
          </reporter-output>
        </test-method> <!-- TC02 -->
        <test-method is-config="true" signature="afterMethod()[pri:0, instance:Railway.LoginTest@17f7cd29]" started-at="2018-11-19T09:43:50Z" name="afterMethod" finished-at="2018-11-19T09:43:51Z" duration-ms="605" status="PASS">
          <reporter-output>
          </reporter-output>
        </test-method> <!-- afterMethod -->
      </class> <!-- Railway.LoginTest -->
    </test> <!-- Default test -->
  </suite> <!-- Default suite -->
</testng-results>
